[20:19:40.899] [INFO] storybook v10.2.8
[20:19:42.528] [DEBUG] Getting package.json info for D:/WebUI Samples/package.json...
[20:19:44.972] [DEBUG] Serving static files from [36mnode_modules/@chromatic-com/storybook/assets[39m at [36m/addon-visual-tests-assets[39m
[20:19:44.973] [INFO] Starting...
[20:19:45.755] [DEBUG] Starting preview..
[20:19:46.206] [WARN] 🚨 Unable to index ./src/components/sales-modal/SalesModal.mdx,./src/components/sales-modal/SalesModal.stories.ts:
  Error: You created a component docs page for 'Portfolio / Sales Modal / Modal', but also tagged the CSF file with 'autodocs'. This is probably a mistake.
    at _StoryIndexGenerator.chooseDuplicate (file:///D:/WebUI%20Samples/node_modules/storybook/dist/core-server/index.js:6048:15)
    at file:///D:/WebUI%20Samples/node_modules/storybook/dist/core-server/index.js:6087:52
    at Array.forEach (<anonymous>)
    at _StoryIndexGenerator.getIndexAndStats (file:///D:/WebUI%20Samples/node_modules/storybook/dist/core-server/index.js:6084:23)
    at async _StoryIndexGenerator.getIndex (file:///D:/WebUI%20Samples/node_modules/storybook/dist/core-server/index.js:6071:13)
    at async getOptimizeDeps (file:///D:/WebUI%20Samples/node_modules/@storybook/builder-vite/dist/index.js:1862:15)
    at async createViteServer (file:///D:/WebUI%20Samples/node_modules/@storybook/builder-vite/dist/index.js:1888:19)
    at async Module.start (file:///D:/WebUI%20Samples/node_modules/@storybook/builder-vite/dist/index.js:1923:17)
    at async storybookDevServer (file:///D:/WebUI%20Samples/node_modules/storybook/dist/core-server/index.js:7207:83)
    at async buildOrThrow (file:///D:/WebUI%20Samples/node_modules/storybook/dist/core-server/index.js:4504:12)
[20:19:46.225] [ERROR] Failed to build the preview
[20:19:46.227] [ERROR] Error: Unable to index ./src/components/sales-modal/SalesModal.mdx,./src/components/sales-modal/SalesModal.stories.ts
    at _StoryIndexGenerator.getIndexAndStats (file:///D:/WebUI%20Samples/node_modules/storybook/dist/core-server/index.js:6092:15)
    at async _StoryIndexGenerator.getIndex (file:///D:/WebUI%20Samples/node_modules/storybook/dist/core-server/index.js:6071:13)
    at async getOptimizeDeps (file:///D:/WebUI%20Samples/node_modules/@storybook/builder-vite/dist/index.js:1862:15)
    at async createViteServer (file:///D:/WebUI%20Samples/node_modules/@storybook/builder-vite/dist/index.js:1888:19)
    at async Module.start (file:///D:/WebUI%20Samples/node_modules/@storybook/builder-vite/dist/index.js:1923:17)
    at async storybookDevServer (file:///D:/WebUI%20Samples/node_modules/storybook/dist/core-server/index.js:7207:83)
    at async buildOrThrow (file:///D:/WebUI%20Samples/node_modules/storybook/dist/core-server/index.js:4504:12)
    at async buildDevStandalone (file:///D:/WebUI%20Samples/node_modules/storybook/dist/core-server/index.js:7577:66)
    at async withTelemetry (file:///D:/WebUI%20Samples/node_modules/storybook/dist/_node-chunks/chunk-KIOKJLL5.js:218:12)
    at async dev (file:///D:/WebUI%20Samples/node_modules/storybook/dist/bin/core.js:2734:3)
[20:19:46.236] [WARN] Broken build, fix the error above.
You may need to refresh the browser.